<?xml version="1.0" encoding="UTF-8"?>
<!-- Generated by org.testng.reporters.JUnitXMLReporter -->
<testsuite hostname="ERP-LYNTH" name="Run test on Chrome browser" tests="1" failures="0" timestamp="22 Mar 2021 12:37:15 GMT" time="3.848" errors="0">
  <testcase name="@BeforeClass beforeClass" time="0.0" classname="ghtk.khachhang.account.Account_03_Login_PageObjectPattern">
    <failure type="java.lang.NullPointerException">
      <![CDATA[java.lang.NullPointerException
	at commons.AbstractPage.getCurrentURL(AbstractPage.java:31)
	at pageObjects.LoginPageObject.getLoginPageUrl(LoginPageObject.java:12)
	at ghtk.khachhang.account.Account_03_Login_PageObjectPattern.beforeClass(Account_03_Login_PageObjectPattern.java:34)
... Removed 24 stack frames]]>
    </failure>
  </testcase> <!-- @BeforeClass beforeClass -->
  <testcase name="@AfterClass afterClass" time="0.0" classname="ghtk.khachhang.account.Account_03_Login_PageObjectPattern">
    <skipped/>
  </testcase> <!-- @AfterClass afterClass -->
  <testcase name="TC_O2_CheckLoginSuccessful" time="0.001" classname="ghtk.khachhang.account.Account_03_Login_PageObjectPattern">
    <skipped/>
  </testcase> <!-- TC_O2_CheckLoginSuccessful -->
</testsuite> <!-- Run test on Chrome browser -->
